<?xml version="1.0" encoding="UTF-8"?>
<!-- Generated by org.testng.reporters.JUnitReportReporter -->
<testsuite hostname="DESKTOP-NV6R951" failures="0" tests="4" name="TestClasses.MovieInfoTest" time="32.537" errors="0" timestamp="4 Oct 2022 17:04:56 GMT">
  <testcase classname="TestClasses.MovieInfoTest" name="readData" time="0.016"/>
  <testcase classname="TestClasses.MovieInfoTest" name="openWebPageAndFetchData" time="32.514"/>
  <testcase classname="TestClasses.MovieInfoTest" name="compareReleaseDate" time="0.002"/>
  <testcase classname="TestClasses.MovieInfoTest" name="compareCountry" time="0.005"/>
</testsuite> <!-- TestClasses.MovieInfoTest -->
