<?xml version="1.0" encoding="UTF-8"?>
<!-- Generated by org.testng.reporters.JUnitReportReporter -->
<testsuite hostname="DESKTOP-NV6R951" failures="0" tests="4" name="MovieInfoTest" time="25.522" errors="0" timestamp="4 Oct 2022 15:26:01 GMT">
  <testcase classname="MovieInfoTest" name="compareCountry" time="0.006"/>
  <testcase classname="MovieInfoTest" name="compareReleaseDate" time="0.005"/>
  <testcase classname="MovieInfoTest" name="readData" time="0.013"/>
  <testcase classname="MovieInfoTest" name="openWebPageAndFetchData" time="25.498"/>
</testsuite> <!-- MovieInfoTest -->
